2020-05-01 10:10:43.959  INFO 20216 --- [main] com.cycapservers.CyCapApplication        : Starting CyCapApplication v2.0.1 on DESKTOP-2APF6QJ with PID 20216 (C:\Users\Bryan Friestad\Desktop\projects\CyCap\target\CyCap-2.0.1.jar started by Bryan Friestad in C:\Users\Bryan Friestad\Desktop\projects\CyCap\target)
2020-05-01 10:10:43.964  INFO 20216 --- [main] com.cycapservers.CyCapApplication        : No active profile set, falling back to default profiles: default
2020-05-01 10:10:44.234  INFO 20216 --- [main] ationConfigEmbeddedWebApplicationContext : Refreshing org.springframework.boot.context.embedded.AnnotationConfigEmbeddedWebApplicationContext@5cb0d902: startup date [Fri May 01 10:10:44 CDT 2020]; root of context hierarchy
2020-05-01 10:10:45.846  INFO 20216 --- [main] trationDelegate$BeanPostProcessorChecker : Bean 'org.springframework.transaction.annotation.ProxyTransactionManagementConfiguration' of type [org.springframework.transaction.annotation.ProxyTransactionManagementConfiguration$$EnhancerBySpringCGLIB$$4bfce9e4] is not eligible for getting processed by all BeanPostProcessors (for example: not eligible for auto-proxying)
2020-05-01 10:10:46.450  INFO 20216 --- [main] s.b.c.e.t.TomcatEmbeddedServletContainer : Tomcat initialized with port(s): 8080 (http)
2020-05-01 10:10:46.464  INFO 20216 --- [main] o.apache.catalina.core.StandardService   : Starting service [Tomcat]
2020-05-01 10:10:46.466  INFO 20216 --- [main] org.apache.catalina.core.StandardEngine  : Starting Servlet Engine: Apache Tomcat/8.5.27
2020-05-01 10:10:46.582  INFO 20216 --- [localhost-startStop-1] o.a.c.c.C.[Tomcat].[localhost].[/]       : Initializing Spring embedded WebApplicationContext
2020-05-01 10:10:46.583  INFO 20216 --- [localhost-startStop-1] o.s.web.context.ContextLoader            : Root WebApplicationContext: initialization completed in 2351 ms
2020-05-01 10:10:46.817  INFO 20216 --- [localhost-startStop-1] o.s.b.w.servlet.ServletRegistrationBean  : Mapping servlet: 'dispatcherServlet' to [/]
2020-05-01 10:10:46.821  INFO 20216 --- [localhost-startStop-1] o.s.b.w.servlet.FilterRegistrationBean   : Mapping filter: 'metricsFilter' to: [/*]
2020-05-01 10:10:46.822  INFO 20216 --- [localhost-startStop-1] o.s.b.w.servlet.FilterRegistrationBean   : Mapping filter: 'characterEncodingFilter' to: [/*]
2020-05-01 10:10:46.822  INFO 20216 --- [localhost-startStop-1] o.s.b.w.servlet.FilterRegistrationBean   : Mapping filter: 'hiddenHttpMethodFilter' to: [/*]
2020-05-01 10:10:46.822  INFO 20216 --- [localhost-startStop-1] o.s.b.w.servlet.FilterRegistrationBean   : Mapping filter: 'httpPutFormContentFilter' to: [/*]
2020-05-01 10:10:46.822  INFO 20216 --- [localhost-startStop-1] o.s.b.w.servlet.FilterRegistrationBean   : Mapping filter: 'requestContextFilter' to: [/*]
2020-05-01 10:10:46.822  INFO 20216 --- [localhost-startStop-1] o.s.b.w.servlet.FilterRegistrationBean   : Mapping filter: 'webRequestLoggingFilter' to: [/*]
2020-05-01 10:10:46.823  INFO 20216 --- [localhost-startStop-1] o.s.b.w.servlet.FilterRegistrationBean   : Mapping filter: 'applicationContextIdFilter' to: [/*]
2020-05-01 10:10:47.529  INFO 20216 --- [main] j.LocalContainerEntityManagerFactoryBean : Building JPA container EntityManagerFactory for persistence unit 'default'
2020-05-01 10:10:47.550  INFO 20216 --- [main] o.hibernate.jpa.internal.util.LogHelper  : HHH000204: Processing PersistenceUnitInfo [
	name: default
	...]
2020-05-01 10:10:47.672  INFO 20216 --- [main] org.hibernate.Version                    : HHH000412: Hibernate Core {5.0.12.Final}
2020-05-01 10:10:47.673  INFO 20216 --- [main] org.hibernate.cfg.Environment            : HHH000206: hibernate.properties not found
2020-05-01 10:10:47.675  INFO 20216 --- [main] org.hibernate.cfg.Environment            : HHH000021: Bytecode provider name : javassist
2020-05-01 10:10:47.743  INFO 20216 --- [main] o.hibernate.annotations.common.Version   : HCANN000001: Hibernate Commons Annotations {5.0.1.Final}
2020-05-01 10:10:48.095  INFO 20216 --- [main] org.hibernate.dialect.Dialect            : HHH000400: Using dialect: org.hibernate.dialect.MySQL5Dialect
2020-05-01 10:10:48.923  INFO 20216 --- [main] j.LocalContainerEntityManagerFactoryBean : Initialized JPA EntityManagerFactory for persistence unit 'default'
2020-05-01 10:10:49.226  INFO 20216 --- [main] o.h.h.i.QueryTranslatorFactoryInitiator  : HHH000397: Using ASTQueryTranslatorFactory
2020-05-01 10:10:49.466  INFO 20216 --- [main] o.s.s.concurrent.ThreadPoolTaskExecutor  : Initializing ExecutorService  'clientInboundChannelExecutor'
2020-05-01 10:10:49.472  INFO 20216 --- [main] o.s.s.concurrent.ThreadPoolTaskExecutor  : Initializing ExecutorService  'clientOutboundChannelExecutor'
2020-05-01 10:10:49.675  INFO 20216 --- [main] o.s.s.c.ThreadPoolTaskScheduler          : Initializing ExecutorService  'messageBrokerTaskScheduler'
2020-05-01 10:10:49.733  INFO 20216 --- [main] o.s.w.s.s.s.WebSocketHandlerMapping      : Mapped URL path [/ws/**] onto handler of type [class org.springframework.web.socket.sockjs.support.SockJsHttpRequestHandler]
2020-05-01 10:10:49.742  INFO 20216 --- [main] o.s.s.concurrent.ThreadPoolTaskExecutor  : Initializing ExecutorService  'brokerChannelExecutor'
2020-05-01 10:10:49.888  INFO 20216 --- [main] .WebSocketAnnotationMethodMessageHandler : Mapped "{[/chat.addUser],messageType=[MESSAGE]}" onto public com.cycapservers.account.ChatMessage com.cycapservers.account.ChatController.addUser(com.cycapservers.account.ChatMessage,org.springframework.messaging.simp.SimpMessageHeaderAccessor)
2020-05-01 10:10:49.889  INFO 20216 --- [main] .WebSocketAnnotationMethodMessageHandler : Mapped "{[/chat.sendMessage],messageType=[MESSAGE]}" onto public com.cycapservers.account.ChatMessage com.cycapservers.account.ChatController.sendMessage(com.cycapservers.account.ChatMessage)
2020-05-01 10:10:49.921  INFO 20216 --- [main] o.s.s.c.ThreadPoolTaskScheduler          : Initializing ExecutorService  'defaultSockJsTaskScheduler'
2020-05-01 10:10:49.927  INFO 20216 --- [main] o.s.w.s.s.s.WebSocketHandlerMapping      : Mapped URL path [/my-websocket-endpoint] onto handler of type [class org.springframework.web.socket.server.support.WebSocketHttpRequestHandler]
2020-05-01 10:10:50.039  INFO 20216 --- [main] s.w.s.m.m.a.RequestMappingHandlerAdapter : Looking for @ControllerAdvice: org.springframework.boot.context.embedded.AnnotationConfigEmbeddedWebApplicationContext@5cb0d902: startup date [Fri May 01 10:10:44 CDT 2020]; root of context hierarchy
2020-05-01 10:10:50.125  INFO 20216 --- [main] s.w.s.m.m.a.RequestMappingHandlerMapping : Mapped "{[/accounts/register],methods=[GET]}" onto public org.springframework.web.servlet.ModelAndView com.cycapservers.system.HomepageController.register(org.springframework.ui.Model,javax.servlet.http.HttpServletRequest)
2020-05-01 10:10:50.126  INFO 20216 --- [main] s.w.s.m.m.a.RequestMappingHandlerMapping : Mapped "{[/accounts/log],methods=[GET]}" onto public org.springframework.web.servlet.ModelAndView com.cycapservers.system.HomepageController.log(org.springframework.ui.Model,javax.servlet.http.HttpServletRequest)
2020-05-01 10:10:50.126  INFO 20216 --- [main] s.w.s.m.m.a.RequestMappingHandlerMapping : Mapped "{[/accounts/registration],methods=[POST]}" onto public java.lang.String com.cycapservers.system.HomepageController.registration(org.springframework.ui.Model,com.cycapservers.account.Account)
2020-05-01 10:10:50.126  INFO 20216 --- [main] s.w.s.m.m.a.RequestMappingHandlerMapping : Mapped "{[/accounts/unsuccessfulregistration],methods=[GET]}" onto public java.lang.String com.cycapservers.system.HomepageController.unsuccessfulAccountRegistration()
2020-05-01 10:10:50.127  INFO 20216 --- [main] s.w.s.m.m.a.RequestMappingHandlerMapping : Mapped "{[/accounts/unsuccessfullogin],methods=[GET]}" onto public java.lang.String com.cycapservers.system.HomepageController.unsuccessfulLogin()
2020-05-01 10:10:50.127  INFO 20216 --- [main] s.w.s.m.m.a.RequestMappingHandlerMapping : Mapped "{[/accounts/profileArtillery],methods=[GET]}" onto public java.lang.String com.cycapservers.system.HomepageController.profilePageArtillery(org.springframework.ui.Model,com.cycapservers.account.Account,com.cycapservers.account.Profiles,com.cycapservers.account.RoleLevels,com.cycapservers.account.CareerTotals)
2020-05-01 10:10:50.127  INFO 20216 --- [main] s.w.s.m.m.a.RequestMappingHandlerMapping : Mapped "{[/accounts/profileRecruit],methods=[GET]}" onto public java.lang.String com.cycapservers.system.HomepageController.profilePageRecruit(org.springframework.ui.Model,com.cycapservers.account.Account,com.cycapservers.account.Profiles,com.cycapservers.account.RoleLevels,com.cycapservers.account.CareerTotals)
2020-05-01 10:10:50.127  INFO 20216 --- [main] s.w.s.m.m.a.RequestMappingHandlerMapping : Mapped "{[/accounts/AdminControls],methods=[POST]}" onto public java.lang.String com.cycapservers.system.HomepageController.AdminControlsPost(java.lang.String,javax.servlet.http.HttpServletRequest,org.springframework.ui.Model,com.cycapservers.account.Account,com.cycapservers.account.AccountsList,com.cycapservers.account.Account)
2020-05-01 10:10:50.128  INFO 20216 --- [main] s.w.s.m.m.a.RequestMappingHandlerMapping : Mapped "{[/accounts/profileInfantry],methods=[GET]}" onto public java.lang.String com.cycapservers.system.HomepageController.profilePageInfantry(org.springframework.ui.Model,com.cycapservers.account.Account,com.cycapservers.account.Profiles,com.cycapservers.account.RoleLevels,com.cycapservers.account.CareerTotals)
2020-05-01 10:10:50.128  INFO 20216 --- [main] s.w.s.m.m.a.RequestMappingHandlerMapping : Mapped "{[/game_list],methods=[GET]}" onto public java.lang.String com.cycapservers.system.HomepageController.gameListPage(com.cycapservers.account.Account)
2020-05-01 10:10:50.128  INFO 20216 --- [main] s.w.s.m.m.a.RequestMappingHandlerMapping : Mapped "{[/how_to],methods=[GET]}" onto public java.lang.String com.cycapservers.system.HomepageController.how_to()
2020-05-01 10:10:50.128  INFO 20216 --- [main] s.w.s.m.m.a.RequestMappingHandlerMapping : Mapped "{[/play],methods=[GET]}" onto public java.lang.String com.cycapservers.system.HomepageController.playNow(org.springframework.ui.Model,com.cycapservers.account.Account)
2020-05-01 10:10:50.129  INFO 20216 --- [main] s.w.s.m.m.a.RequestMappingHandlerMapping : Mapped "{[/logout],methods=[GET]}" onto public java.lang.String com.cycapservers.system.HomepageController.logout(org.springframework.ui.Model,com.cycapservers.account.Account)
2020-05-01 10:10:50.129  INFO 20216 --- [main] s.w.s.m.m.a.RequestMappingHandlerMapping : Mapped "{[/about],methods=[GET]}" onto public java.lang.String com.cycapservers.system.HomepageController.about_the_team()
2020-05-01 10:10:50.129  INFO 20216 --- [main] s.w.s.m.m.a.RequestMappingHandlerMapping : Mapped "{[/],methods=[GET]}" onto public java.lang.String com.cycapservers.system.HomepageController.homepage()
2020-05-01 10:10:50.129  INFO 20216 --- [main] s.w.s.m.m.a.RequestMappingHandlerMapping : Mapped "{[/accounts/login],methods=[POST]}" onto public java.lang.String com.cycapservers.system.HomepageController.login(org.springframework.ui.Model,com.cycapservers.account.Account)
2020-05-01 10:10:50.129  INFO 20216 --- [main] s.w.s.m.m.a.RequestMappingHandlerMapping : Mapped "{[/accounts/friendAdd],methods=[POST]}" onto public org.springframework.web.servlet.View com.cycapservers.system.HomepageController.friendAdd(javax.servlet.http.HttpServletRequest,com.cycapservers.account.Account,com.cycapservers.account.Friend)
2020-05-01 10:10:50.130  INFO 20216 --- [main] s.w.s.m.m.a.RequestMappingHandlerMapping : Mapped "{[/accounts/profile],methods=[GET]}" onto public java.lang.String com.cycapservers.system.HomepageController.profilePage(org.springframework.ui.Model,com.cycapservers.account.Account,com.cycapservers.account.Profiles,com.cycapservers.account.RoleLevels,com.cycapservers.account.CareerTotals)
2020-05-01 10:10:50.130  INFO 20216 --- [main] s.w.s.m.m.a.RequestMappingHandlerMapping : Mapped "{[/Lobby],methods=[GET]}" onto public java.lang.String com.cycapservers.system.HomepageController.Lobby(com.cycapservers.account.Account)
2020-05-01 10:10:50.130  INFO 20216 --- [main] s.w.s.m.m.a.RequestMappingHandlerMapping : Mapped "{[/accounts/chat],methods=[GET]}" onto public java.lang.String com.cycapservers.system.HomepageController.friendChat2(javax.servlet.http.HttpServletRequest,com.cycapservers.account.Account)
2020-05-01 10:10:50.130  INFO 20216 --- [main] s.w.s.m.m.a.RequestMappingHandlerMapping : Mapped "{[/LobbyScreen],methods=[GET]}" onto public java.lang.String com.cycapservers.system.HomepageController.LobbyScreen(com.cycapservers.account.Account)
2020-05-01 10:10:50.130  INFO 20216 --- [main] s.w.s.m.m.a.RequestMappingHandlerMapping : Mapped "{[/accounts/successfullogin],methods=[GET]}" onto public java.lang.String com.cycapservers.system.HomepageController.successfulLogin()
2020-05-01 10:10:50.131  INFO 20216 --- [main] s.w.s.m.m.a.RequestMappingHandlerMapping : Mapped "{[/accounts/friends],methods=[GET]}" onto public java.lang.String com.cycapservers.system.HomepageController.friends(org.springframework.ui.Model,javax.servlet.http.HttpServletRequest,com.cycapservers.account.Account,com.cycapservers.account.Friends)
2020-05-01 10:10:50.131  INFO 20216 --- [main] s.w.s.m.m.a.RequestMappingHandlerMapping : Mapped "{[/accounts/profileScout],methods=[GET]}" onto public java.lang.String com.cycapservers.system.HomepageController.profilePageScout(org.springframework.ui.Model,com.cycapservers.account.Account,com.cycapservers.account.Profiles,com.cycapservers.account.RoleLevels,com.cycapservers.account.CareerTotals)
2020-05-01 10:10:50.131  INFO 20216 --- [main] s.w.s.m.m.a.RequestMappingHandlerMapping : Mapped "{[/accounts/AdminControls],methods=[GET]}" onto public java.lang.String com.cycapservers.system.HomepageController.LeaderBoards(org.springframework.ui.Model,com.cycapservers.account.Account,com.cycapservers.account.AccountsList)
2020-05-01 10:10:50.131  INFO 20216 --- [main] s.w.s.m.m.a.RequestMappingHandlerMapping : Mapped "{[/accounts/leaderboards],methods=[GET]}" onto public java.lang.String com.cycapservers.system.HomepageController.LeaderBoards(org.springframework.ui.Model,com.cycapservers.account.Account,com.cycapservers.account.PlayerLBDataList)
2020-05-01 10:10:50.131  INFO 20216 --- [main] s.w.s.m.m.a.RequestMappingHandlerMapping : Mapped "{[/accounts/friendRemove],methods=[POST]}" onto public org.springframework.web.servlet.View com.cycapservers.system.HomepageController.friendRemove(javax.servlet.http.HttpServletRequest,com.cycapservers.account.Account,com.cycapservers.account.Friend)
2020-05-01 10:10:50.133  INFO 20216 --- [main] s.w.s.m.m.a.RequestMappingHandlerMapping : Mapped "{[/error]}" onto public org.springframework.http.ResponseEntity<java.util.Map<java.lang.String, java.lang.Object>> org.springframework.boot.autoconfigure.web.BasicErrorController.error(javax.servlet.http.HttpServletRequest)
2020-05-01 10:10:50.133  INFO 20216 --- [main] s.w.s.m.m.a.RequestMappingHandlerMapping : Mapped "{[/error],produces=[text/html]}" onto public org.springframework.web.servlet.ModelAndView org.springframework.boot.autoconfigure.web.BasicErrorController.errorHtml(javax.servlet.http.HttpServletRequest,javax.servlet.http.HttpServletResponse)
2020-05-01 10:10:50.155  INFO 20216 --- [main] o.s.w.s.handler.SimpleUrlHandlerMapping  : Mapped URL path [/webjars/**] onto handler of type [class org.springframework.web.servlet.resource.ResourceHttpRequestHandler]
2020-05-01 10:10:50.156  INFO 20216 --- [main] o.s.w.s.handler.SimpleUrlHandlerMapping  : Mapped URL path [/**] onto handler of type [class org.springframework.web.servlet.resource.ResourceHttpRequestHandler]
2020-05-01 10:10:50.187  INFO 20216 --- [main] o.s.w.s.handler.SimpleUrlHandlerMapping  : Mapped URL path [/**/favicon.ico] onto handler of type [class org.springframework.web.servlet.resource.ResourceHttpRequestHandler]
2020-05-01 10:10:50.732  INFO 20216 --- [main] o.s.b.a.e.mvc.EndpointHandlerMapping     : Mapped "{[/metrics/{name:.*}],methods=[GET],produces=[application/vnd.spring-boot.actuator.v1+json || application/json]}" onto public java.lang.Object org.springframework.boot.actuate.endpoint.mvc.MetricsMvcEndpoint.value(java.lang.String)
2020-05-01 10:10:50.733  INFO 20216 --- [main] o.s.b.a.e.mvc.EndpointHandlerMapping     : Mapped "{[/metrics || /metrics.json],methods=[GET],produces=[application/vnd.spring-boot.actuator.v1+json || application/json]}" onto public java.lang.Object org.springframework.boot.actuate.endpoint.mvc.EndpointMvcAdapter.invoke()
2020-05-01 10:10:50.733  INFO 20216 --- [main] o.s.b.a.e.mvc.EndpointHandlerMapping     : Mapped "{[/info || /info.json],methods=[GET],produces=[application/vnd.spring-boot.actuator.v1+json || application/json]}" onto public java.lang.Object org.springframework.boot.actuate.endpoint.mvc.EndpointMvcAdapter.invoke()
2020-05-01 10:10:50.734  INFO 20216 --- [main] o.s.b.a.e.mvc.EndpointHandlerMapping     : Mapped "{[/trace || /trace.json],methods=[GET],produces=[application/vnd.spring-boot.actuator.v1+json || application/json]}" onto public java.lang.Object org.springframework.boot.actuate.endpoint.mvc.EndpointMvcAdapter.invoke()
2020-05-01 10:10:50.734  INFO 20216 --- [main] o.s.b.a.e.mvc.EndpointHandlerMapping     : Mapped "{[/health || /health.json],methods=[GET],produces=[application/vnd.spring-boot.actuator.v1+json || application/json]}" onto public java.lang.Object org.springframework.boot.actuate.endpoint.mvc.HealthMvcEndpoint.invoke(javax.servlet.http.HttpServletRequest,java.security.Principal)
2020-05-01 10:10:50.735  INFO 20216 --- [main] o.s.b.a.e.mvc.EndpointHandlerMapping     : Mapped "{[/autoconfig || /autoconfig.json],methods=[GET],produces=[application/vnd.spring-boot.actuator.v1+json || application/json]}" onto public java.lang.Object org.springframework.boot.actuate.endpoint.mvc.EndpointMvcAdapter.invoke()
2020-05-01 10:10:50.735  INFO 20216 --- [main] o.s.b.a.e.mvc.EndpointHandlerMapping     : Mapped "{[/dump || /dump.json],methods=[GET],produces=[application/vnd.spring-boot.actuator.v1+json || application/json]}" onto public java.lang.Object org.springframework.boot.actuate.endpoint.mvc.EndpointMvcAdapter.invoke()
2020-05-01 10:10:50.736  INFO 20216 --- [main] o.s.b.a.e.mvc.EndpointHandlerMapping     : Mapped "{[/beans || /beans.json],methods=[GET],produces=[application/vnd.spring-boot.actuator.v1+json || application/json]}" onto public java.lang.Object org.springframework.boot.actuate.endpoint.mvc.EndpointMvcAdapter.invoke()
2020-05-01 10:10:50.736  INFO 20216 --- [main] o.s.b.a.e.mvc.EndpointHandlerMapping     : Mapped "{[/auditevents || /auditevents.json],methods=[GET],produces=[application/vnd.spring-boot.actuator.v1+json || application/json]}" onto public org.springframework.http.ResponseEntity<?> org.springframework.boot.actuate.endpoint.mvc.AuditEventsMvcEndpoint.findByPrincipalAndAfterAndType(java.lang.String,java.util.Date,java.lang.String)
2020-05-01 10:10:50.737  INFO 20216 --- [main] o.s.b.a.e.mvc.EndpointHandlerMapping     : Mapped "{[/mappings || /mappings.json],methods=[GET],produces=[application/vnd.spring-boot.actuator.v1+json || application/json]}" onto public java.lang.Object org.springframework.boot.actuate.endpoint.mvc.EndpointMvcAdapter.invoke()
2020-05-01 10:10:50.737  INFO 20216 --- [main] o.s.b.a.e.mvc.EndpointHandlerMapping     : Mapped "{[/configprops || /configprops.json],methods=[GET],produces=[application/vnd.spring-boot.actuator.v1+json || application/json]}" onto public java.lang.Object org.springframework.boot.actuate.endpoint.mvc.EndpointMvcAdapter.invoke()
2020-05-01 10:10:50.739  INFO 20216 --- [main] o.s.b.a.e.mvc.EndpointHandlerMapping     : Mapped "{[/loggers/{name:.*}],methods=[GET],produces=[application/vnd.spring-boot.actuator.v1+json || application/json]}" onto public java.lang.Object org.springframework.boot.actuate.endpoint.mvc.LoggersMvcEndpoint.get(java.lang.String)
2020-05-01 10:10:50.739  INFO 20216 --- [main] o.s.b.a.e.mvc.EndpointHandlerMapping     : Mapped "{[/loggers/{name:.*}],methods=[POST],consumes=[application/vnd.spring-boot.actuator.v1+json || application/json],produces=[application/vnd.spring-boot.actuator.v1+json || application/json]}" onto public java.lang.Object org.springframework.boot.actuate.endpoint.mvc.LoggersMvcEndpoint.set(java.lang.String,java.util.Map<java.lang.String, java.lang.String>)
2020-05-01 10:10:50.739  INFO 20216 --- [main] o.s.b.a.e.mvc.EndpointHandlerMapping     : Mapped "{[/loggers || /loggers.json],methods=[GET],produces=[application/vnd.spring-boot.actuator.v1+json || application/json]}" onto public java.lang.Object org.springframework.boot.actuate.endpoint.mvc.EndpointMvcAdapter.invoke()
2020-05-01 10:10:50.739  INFO 20216 --- [main] o.s.b.a.e.mvc.EndpointHandlerMapping     : Mapped "{[/logfile || /logfile.json],methods=[GET || HEAD]}" onto public void org.springframework.boot.actuate.endpoint.mvc.LogFileMvcEndpoint.invoke(javax.servlet.http.HttpServletRequest,javax.servlet.http.HttpServletResponse) throws javax.servlet.ServletException,java.io.IOException
2020-05-01 10:10:50.740  INFO 20216 --- [main] o.s.b.a.e.mvc.EndpointHandlerMapping     : Mapped "{[/env/{name:.*}],methods=[GET],produces=[application/vnd.spring-boot.actuator.v1+json || application/json]}" onto public java.lang.Object org.springframework.boot.actuate.endpoint.mvc.EnvironmentMvcEndpoint.value(java.lang.String)
2020-05-01 10:10:50.740  INFO 20216 --- [main] o.s.b.a.e.mvc.EndpointHandlerMapping     : Mapped "{[/env || /env.json],methods=[GET],produces=[application/vnd.spring-boot.actuator.v1+json || application/json]}" onto public java.lang.Object org.springframework.boot.actuate.endpoint.mvc.EndpointMvcAdapter.invoke()
2020-05-01 10:10:50.741  INFO 20216 --- [main] o.s.b.a.e.mvc.EndpointHandlerMapping     : Mapped "{[/heapdump || /heapdump.json],methods=[GET],produces=[application/octet-stream]}" onto public void org.springframework.boot.actuate.endpoint.mvc.HeapdumpMvcEndpoint.invoke(boolean,javax.servlet.http.HttpServletRequest,javax.servlet.http.HttpServletResponse) throws java.io.IOException,javax.servlet.ServletException
2020-05-01 10:10:50.873  INFO 20216 --- [main] o.s.j.e.a.AnnotationMBeanExporter        : Registering beans for JMX exposure on startup
2020-05-01 10:10:50.882  INFO 20216 --- [main] o.s.c.support.DefaultLifecycleProcessor  : Starting beans in phase 0
2020-05-01 10:10:50.922  INFO 20216 --- [main] o.s.c.support.DefaultLifecycleProcessor  : Starting beans in phase 2147483647
2020-05-01 10:10:50.922  INFO 20216 --- [main] o.s.m.s.b.SimpleBrokerMessageHandler     : Starting...
2020-05-01 10:10:50.922  INFO 20216 --- [main] o.s.m.s.b.SimpleBrokerMessageHandler     : BrokerAvailabilityEvent[available=true, SimpleBrokerMessageHandler [DefaultSubscriptionRegistry[cache[0 destination(s)], registry[0 sessions]]]]
2020-05-01 10:10:50.923  INFO 20216 --- [main] o.s.m.s.b.SimpleBrokerMessageHandler     : Started.
2020-05-01 10:10:50.954 ERROR 20216 --- [main] o.apache.catalina.core.StandardService   : Failed to start connector [Connector[HTTP/1.1-8080]]

org.apache.catalina.LifecycleException: Failed to start component [Connector[HTTP/1.1-8080]]
	at org.apache.catalina.util.LifecycleBase.start(LifecycleBase.java:167) ~[tomcat-embed-core-8.5.27.jar!/:8.5.27]
	at org.apache.catalina.core.StandardService.addConnector(StandardService.java:225) ~[tomcat-embed-core-8.5.27.jar!/:8.5.27]
	at org.springframework.boot.context.embedded.tomcat.TomcatEmbeddedServletContainer.addPreviouslyRemovedConnectors(TomcatEmbeddedServletContainer.java:250) [spring-boot-1.5.10.RELEASE.jar!/:1.5.10.RELEASE]
	at org.springframework.boot.context.embedded.tomcat.TomcatEmbeddedServletContainer.start(TomcatEmbeddedServletContainer.java:193) [spring-boot-1.5.10.RELEASE.jar!/:1.5.10.RELEASE]
	at org.springframework.boot.context.embedded.EmbeddedWebApplicationContext.startEmbeddedServletContainer(EmbeddedWebApplicationContext.java:297) [spring-boot-1.5.10.RELEASE.jar!/:1.5.10.RELEASE]
	at org.springframework.boot.context.embedded.EmbeddedWebApplicationContext.finishRefresh(EmbeddedWebApplicationContext.java:145) [spring-boot-1.5.10.RELEASE.jar!/:1.5.10.RELEASE]
	at org.springframework.context.support.AbstractApplicationContext.refresh(AbstractApplicationContext.java:546) [spring-context-4.3.14.RELEASE.jar!/:4.3.14.RELEASE]
	at org.springframework.boot.context.embedded.EmbeddedWebApplicationContext.refresh(EmbeddedWebApplicationContext.java:122) [spring-boot-1.5.10.RELEASE.jar!/:1.5.10.RELEASE]
	at org.springframework.boot.SpringApplication.refresh(SpringApplication.java:693) [spring-boot-1.5.10.RELEASE.jar!/:1.5.10.RELEASE]
	at org.springframework.boot.SpringApplication.refreshContext(SpringApplication.java:360) [spring-boot-1.5.10.RELEASE.jar!/:1.5.10.RELEASE]
	at org.springframework.boot.SpringApplication.run(SpringApplication.java:303) [spring-boot-1.5.10.RELEASE.jar!/:1.5.10.RELEASE]
	at org.springframework.boot.SpringApplication.run(SpringApplication.java:1118) [spring-boot-1.5.10.RELEASE.jar!/:1.5.10.RELEASE]
	at org.springframework.boot.SpringApplication.run(SpringApplication.java:1107) [spring-boot-1.5.10.RELEASE.jar!/:1.5.10.RELEASE]
	at com.cycapservers.CyCapApplication.main(CyCapApplication.java:12) [classes!/:2.0.1]
	at sun.reflect.NativeMethodAccessorImpl.invoke0(Native Method) ~[na:1.8.0_181]
	at sun.reflect.NativeMethodAccessorImpl.invoke(Unknown Source) ~[na:1.8.0_181]
	at sun.reflect.DelegatingMethodAccessorImpl.invoke(Unknown Source) ~[na:1.8.0_181]
	at java.lang.reflect.Method.invoke(Unknown Source) ~[na:1.8.0_181]
	at org.springframework.boot.loader.MainMethodRunner.run(MainMethodRunner.java:48) [CyCap-2.0.1.jar:2.0.1]
	at org.springframework.boot.loader.Launcher.launch(Launcher.java:87) [CyCap-2.0.1.jar:2.0.1]
	at org.springframework.boot.loader.Launcher.launch(Launcher.java:50) [CyCap-2.0.1.jar:2.0.1]
	at org.springframework.boot.loader.JarLauncher.main(JarLauncher.java:51) [CyCap-2.0.1.jar:2.0.1]
Caused by: org.apache.catalina.LifecycleException: Protocol handler start failed
	at org.apache.catalina.connector.Connector.startInternal(Connector.java:1021) ~[tomcat-embed-core-8.5.27.jar!/:8.5.27]
	at org.apache.catalina.util.LifecycleBase.start(LifecycleBase.java:150) ~[tomcat-embed-core-8.5.27.jar!/:8.5.27]
	... 21 common frames omitted
Caused by: java.net.BindException: Address already in use: bind
	at sun.nio.ch.Net.bind0(Native Method) ~[na:1.8.0_181]
	at sun.nio.ch.Net.bind(Unknown Source) ~[na:1.8.0_181]
	at sun.nio.ch.Net.bind(Unknown Source) ~[na:1.8.0_181]
	at sun.nio.ch.ServerSocketChannelImpl.bind(Unknown Source) ~[na:1.8.0_181]
	at sun.nio.ch.ServerSocketAdaptor.bind(Unknown Source) ~[na:1.8.0_181]
	at org.apache.tomcat.util.net.NioEndpoint.bind(NioEndpoint.java:210) ~[tomcat-embed-core-8.5.27.jar!/:8.5.27]
	at org.apache.tomcat.util.net.AbstractEndpoint.start(AbstractEndpoint.java:1150) ~[tomcat-embed-core-8.5.27.jar!/:8.5.27]
	at org.apache.coyote.AbstractProtocol.start(AbstractProtocol.java:591) ~[tomcat-embed-core-8.5.27.jar!/:8.5.27]
	at org.apache.catalina.connector.Connector.startInternal(Connector.java:1018) ~[tomcat-embed-core-8.5.27.jar!/:8.5.27]
	... 22 common frames omitted

2020-05-01 10:10:50.962  INFO 20216 --- [main] o.apache.catalina.core.StandardService   : Stopping service [Tomcat]
2020-05-01 10:10:50.970  INFO 20216 --- [main] utoConfigurationReportLoggingInitializer : 

Error starting ApplicationContext. To display the auto-configuration report re-run your application with 'debug' enabled.
2020-05-01 10:10:50.975 ERROR 20216 --- [main] o.s.b.d.LoggingFailureAnalysisReporter   : 

***************************
APPLICATION FAILED TO START
***************************

Description:

The Tomcat connector configured to listen on port 8080 failed to start. The port may already be in use or the connector may be misconfigured.

Action:

Verify the connector's configuration, identify and stop any process that's listening on port 8080, or configure this application to listen on another port.

2020-05-01 10:10:50.976  INFO 20216 --- [main] ationConfigEmbeddedWebApplicationContext : Closing org.springframework.boot.context.embedded.AnnotationConfigEmbeddedWebApplicationContext@5cb0d902: startup date [Fri May 01 10:10:44 CDT 2020]; root of context hierarchy
2020-05-01 10:10:50.977  INFO 20216 --- [main] o.s.c.support.DefaultLifecycleProcessor  : Stopping beans in phase 2147483647
2020-05-01 10:10:50.978  INFO 20216 --- [main] o.s.m.s.b.SimpleBrokerMessageHandler     : Stopping...
2020-05-01 10:10:50.978  INFO 20216 --- [main] o.s.m.s.b.SimpleBrokerMessageHandler     : BrokerAvailabilityEvent[available=false, SimpleBrokerMessageHandler [DefaultSubscriptionRegistry[cache[0 destination(s)], registry[0 sessions]]]]
2020-05-01 10:10:50.979  INFO 20216 --- [main] o.s.m.s.b.SimpleBrokerMessageHandler     : Stopped.
2020-05-01 10:10:50.979  INFO 20216 --- [main] o.s.c.support.DefaultLifecycleProcessor  : Stopping beans in phase 0
2020-05-01 10:10:50.979  INFO 20216 --- [main] o.s.j.e.a.AnnotationMBeanExporter        : Unregistering JMX-exposed beans on shutdown
2020-05-01 10:10:50.980  INFO 20216 --- [main] o.s.s.c.ThreadPoolTaskScheduler          : Shutting down ExecutorService 'defaultSockJsTaskScheduler'
2020-05-01 10:10:50.980  INFO 20216 --- [main] o.s.s.concurrent.ThreadPoolTaskExecutor  : Shutting down ExecutorService 'brokerChannelExecutor'
2020-05-01 10:10:50.980  INFO 20216 --- [main] o.s.s.c.ThreadPoolTaskScheduler          : Shutting down ExecutorService 'messageBrokerTaskScheduler'
2020-05-01 10:10:50.981  INFO 20216 --- [main] o.s.s.concurrent.ThreadPoolTaskExecutor  : Shutting down ExecutorService 'clientOutboundChannelExecutor'
2020-05-01 10:10:50.981  INFO 20216 --- [main] o.s.s.concurrent.ThreadPoolTaskExecutor  : Shutting down ExecutorService 'clientInboundChannelExecutor'
2020-05-01 10:10:50.981  INFO 20216 --- [main] j.LocalContainerEntityManagerFactoryBean : Closing JPA EntityManagerFactory for persistence unit 'default'
2020-05-01 10:12:50.051  INFO 2756 --- [main] com.cycapservers.CyCapApplication        : Starting CyCapApplication v2.0.1 on DESKTOP-2APF6QJ with PID 2756 (C:\Users\Bryan Friestad\Desktop\projects\CyCap\target\CyCap-2.0.1.jar started by Bryan Friestad in C:\Users\Bryan Friestad\Desktop\projects\CyCap\target)
2020-05-01 10:12:50.057  INFO 2756 --- [main] com.cycapservers.CyCapApplication        : No active profile set, falling back to default profiles: default
2020-05-01 10:12:50.394  INFO 2756 --- [main] ationConfigEmbeddedWebApplicationContext : Refreshing org.springframework.boot.context.embedded.AnnotationConfigEmbeddedWebApplicationContext@5cb0d902: startup date [Fri May 01 10:12:50 CDT 2020]; root of context hierarchy
2020-05-01 10:12:52.041  INFO 2756 --- [main] trationDelegate$BeanPostProcessorChecker : Bean 'org.springframework.transaction.annotation.ProxyTransactionManagementConfiguration' of type [org.springframework.transaction.annotation.ProxyTransactionManagementConfiguration$$EnhancerBySpringCGLIB$$66a21280] is not eligible for getting processed by all BeanPostProcessors (for example: not eligible for auto-proxying)
2020-05-01 10:12:52.710  INFO 2756 --- [main] s.b.c.e.t.TomcatEmbeddedServletContainer : Tomcat initialized with port(s): 8080 (http)
2020-05-01 10:12:52.723  INFO 2756 --- [main] o.apache.catalina.core.StandardService   : Starting service [Tomcat]
2020-05-01 10:12:52.725  INFO 2756 --- [main] org.apache.catalina.core.StandardEngine  : Starting Servlet Engine: Apache Tomcat/8.5.27
2020-05-01 10:12:52.848  INFO 2756 --- [localhost-startStop-1] o.a.c.c.C.[Tomcat].[localhost].[/]       : Initializing Spring embedded WebApplicationContext
2020-05-01 10:12:52.848  INFO 2756 --- [localhost-startStop-1] o.s.web.context.ContextLoader            : Root WebApplicationContext: initialization completed in 2456 ms
2020-05-01 10:12:53.076  INFO 2756 --- [localhost-startStop-1] o.s.b.w.servlet.ServletRegistrationBean  : Mapping servlet: 'dispatcherServlet' to [/]
2020-05-01 10:12:53.084  INFO 2756 --- [localhost-startStop-1] o.s.b.w.servlet.FilterRegistrationBean   : Mapping filter: 'metricsFilter' to: [/*]
2020-05-01 10:12:53.084  INFO 2756 --- [localhost-startStop-1] o.s.b.w.servlet.FilterRegistrationBean   : Mapping filter: 'characterEncodingFilter' to: [/*]
2020-05-01 10:12:53.084  INFO 2756 --- [localhost-startStop-1] o.s.b.w.servlet.FilterRegistrationBean   : Mapping filter: 'hiddenHttpMethodFilter' to: [/*]
2020-05-01 10:12:53.085  INFO 2756 --- [localhost-startStop-1] o.s.b.w.servlet.FilterRegistrationBean   : Mapping filter: 'httpPutFormContentFilter' to: [/*]
2020-05-01 10:12:53.085  INFO 2756 --- [localhost-startStop-1] o.s.b.w.servlet.FilterRegistrationBean   : Mapping filter: 'requestContextFilter' to: [/*]
2020-05-01 10:12:53.085  INFO 2756 --- [localhost-startStop-1] o.s.b.w.servlet.FilterRegistrationBean   : Mapping filter: 'webRequestLoggingFilter' to: [/*]
2020-05-01 10:12:53.085  INFO 2756 --- [localhost-startStop-1] o.s.b.w.servlet.FilterRegistrationBean   : Mapping filter: 'applicationContextIdFilter' to: [/*]
2020-05-01 10:12:53.764  INFO 2756 --- [main] j.LocalContainerEntityManagerFactoryBean : Building JPA container EntityManagerFactory for persistence unit 'default'
2020-05-01 10:12:53.784  INFO 2756 --- [main] o.hibernate.jpa.internal.util.LogHelper  : HHH000204: Processing PersistenceUnitInfo [
	name: default
	...]
2020-05-01 10:12:53.902  INFO 2756 --- [main] org.hibernate.Version                    : HHH000412: Hibernate Core {5.0.12.Final}
2020-05-01 10:12:53.904  INFO 2756 --- [main] org.hibernate.cfg.Environment            : HHH000206: hibernate.properties not found
2020-05-01 10:12:53.906  INFO 2756 --- [main] org.hibernate.cfg.Environment            : HHH000021: Bytecode provider name : javassist
2020-05-01 10:12:53.981  INFO 2756 --- [main] o.hibernate.annotations.common.Version   : HCANN000001: Hibernate Commons Annotations {5.0.1.Final}
2020-05-01 10:12:54.265  INFO 2756 --- [main] org.hibernate.dialect.Dialect            : HHH000400: Using dialect: org.hibernate.dialect.MySQL5Dialect
2020-05-01 10:12:55.049  INFO 2756 --- [main] j.LocalContainerEntityManagerFactoryBean : Initialized JPA EntityManagerFactory for persistence unit 'default'
2020-05-01 10:12:55.380  INFO 2756 --- [main] o.h.h.i.QueryTranslatorFactoryInitiator  : HHH000397: Using ASTQueryTranslatorFactory
2020-05-01 10:12:55.661  INFO 2756 --- [main] o.s.s.concurrent.ThreadPoolTaskExecutor  : Initializing ExecutorService  'clientInboundChannelExecutor'
2020-05-01 10:12:55.667  INFO 2756 --- [main] o.s.s.concurrent.ThreadPoolTaskExecutor  : Initializing ExecutorService  'clientOutboundChannelExecutor'
2020-05-01 10:12:55.838  INFO 2756 --- [main] o.s.s.c.ThreadPoolTaskScheduler          : Initializing ExecutorService  'messageBrokerTaskScheduler'
2020-05-01 10:12:55.897  INFO 2756 --- [main] o.s.w.s.s.s.WebSocketHandlerMapping      : Mapped URL path [/ws/**] onto handler of type [class org.springframework.web.socket.sockjs.support.SockJsHttpRequestHandler]
2020-05-01 10:12:55.906  INFO 2756 --- [main] o.s.s.concurrent.ThreadPoolTaskExecutor  : Initializing ExecutorService  'brokerChannelExecutor'
2020-05-01 10:12:56.058  INFO 2756 --- [main] .WebSocketAnnotationMethodMessageHandler : Mapped "{[/chat.sendMessage],messageType=[MESSAGE]}" onto public com.cycapservers.account.ChatMessage com.cycapservers.account.ChatController.sendMessage(com.cycapservers.account.ChatMessage)
2020-05-01 10:12:56.059  INFO 2756 --- [main] .WebSocketAnnotationMethodMessageHandler : Mapped "{[/chat.addUser],messageType=[MESSAGE]}" onto public com.cycapservers.account.ChatMessage com.cycapservers.account.ChatController.addUser(com.cycapservers.account.ChatMessage,org.springframework.messaging.simp.SimpMessageHeaderAccessor)
2020-05-01 10:12:56.089  INFO 2756 --- [main] o.s.s.c.ThreadPoolTaskScheduler          : Initializing ExecutorService  'defaultSockJsTaskScheduler'
2020-05-01 10:12:56.094  INFO 2756 --- [main] o.s.w.s.s.s.WebSocketHandlerMapping      : Mapped URL path [/my-websocket-endpoint] onto handler of type [class org.springframework.web.socket.server.support.WebSocketHttpRequestHandler]
2020-05-01 10:12:56.200  INFO 2756 --- [main] s.w.s.m.m.a.RequestMappingHandlerAdapter : Looking for @ControllerAdvice: org.springframework.boot.context.embedded.AnnotationConfigEmbeddedWebApplicationContext@5cb0d902: startup date [Fri May 01 10:12:50 CDT 2020]; root of context hierarchy
2020-05-01 10:12:56.284  INFO 2756 --- [main] s.w.s.m.m.a.RequestMappingHandlerMapping : Mapped "{[/accounts/register],methods=[GET]}" onto public org.springframework.web.servlet.ModelAndView com.cycapservers.system.HomepageController.register(org.springframework.ui.Model,javax.servlet.http.HttpServletRequest)
2020-05-01 10:12:56.285  INFO 2756 --- [main] s.w.s.m.m.a.RequestMappingHandlerMapping : Mapped "{[/accounts/log],methods=[GET]}" onto public org.springframework.web.servlet.ModelAndView com.cycapservers.system.HomepageController.log(org.springframework.ui.Model,javax.servlet.http.HttpServletRequest)
2020-05-01 10:12:56.285  INFO 2756 --- [main] s.w.s.m.m.a.RequestMappingHandlerMapping : Mapped "{[/accounts/unsuccessfullogin],methods=[GET]}" onto public java.lang.String com.cycapservers.system.HomepageController.unsuccessfulLogin()
2020-05-01 10:12:56.286  INFO 2756 --- [main] s.w.s.m.m.a.RequestMappingHandlerMapping : Mapped "{[/accounts/profileRecruit],methods=[GET]}" onto public java.lang.String com.cycapservers.system.HomepageController.profilePageRecruit(org.springframework.ui.Model,com.cycapservers.account.Account,com.cycapservers.account.Profiles,com.cycapservers.account.RoleLevels,com.cycapservers.account.CareerTotals)
2020-05-01 10:12:56.286  INFO 2756 --- [main] s.w.s.m.m.a.RequestMappingHandlerMapping : Mapped "{[/accounts/AdminControls],methods=[POST]}" onto public java.lang.String com.cycapservers.system.HomepageController.AdminControlsPost(java.lang.String,javax.servlet.http.HttpServletRequest,org.springframework.ui.Model,com.cycapservers.account.Account,com.cycapservers.account.AccountsList,com.cycapservers.account.Account)
2020-05-01 10:12:56.287  INFO 2756 --- [main] s.w.s.m.m.a.RequestMappingHandlerMapping : Mapped "{[/accounts/profileArtillery],methods=[GET]}" onto public java.lang.String com.cycapservers.system.HomepageController.profilePageArtillery(org.springframework.ui.Model,com.cycapservers.account.Account,com.cycapservers.account.Profiles,com.cycapservers.account.RoleLevels,com.cycapservers.account.CareerTotals)
2020-05-01 10:12:56.288  INFO 2756 --- [main] s.w.s.m.m.a.RequestMappingHandlerMapping : Mapped "{[/accounts/unsuccessfulregistration],methods=[GET]}" onto public java.lang.String com.cycapservers.system.HomepageController.unsuccessfulAccountRegistration()
2020-05-01 10:12:56.288  INFO 2756 --- [main] s.w.s.m.m.a.RequestMappingHandlerMapping : Mapped "{[/accounts/profileInfantry],methods=[GET]}" onto public java.lang.String com.cycapservers.system.HomepageController.profilePageInfantry(org.springframework.ui.Model,com.cycapservers.account.Account,com.cycapservers.account.Profiles,com.cycapservers.account.RoleLevels,com.cycapservers.account.CareerTotals)
2020-05-01 10:12:56.288  INFO 2756 --- [main] s.w.s.m.m.a.RequestMappingHandlerMapping : Mapped "{[/accounts/registration],methods=[POST]}" onto public java.lang.String com.cycapservers.system.HomepageController.registration(org.springframework.ui.Model,com.cycapservers.account.Account)
2020-05-01 10:12:56.289  INFO 2756 --- [main] s.w.s.m.m.a.RequestMappingHandlerMapping : Mapped "{[/accounts/profile],methods=[GET]}" onto public java.lang.String com.cycapservers.system.HomepageController.profilePage(org.springframework.ui.Model,com.cycapservers.account.Account,com.cycapservers.account.Profiles,com.cycapservers.account.RoleLevels,com.cycapservers.account.CareerTotals)
2020-05-01 10:12:56.289  INFO 2756 --- [main] s.w.s.m.m.a.RequestMappingHandlerMapping : Mapped "{[/logout],methods=[GET]}" onto public java.lang.String com.cycapservers.system.HomepageController.logout(org.springframework.ui.Model,com.cycapservers.account.Account)
2020-05-01 10:12:56.290  INFO 2756 --- [main] s.w.s.m.m.a.RequestMappingHandlerMapping : Mapped "{[/how_to],methods=[GET]}" onto public java.lang.String com.cycapservers.system.HomepageController.how_to()
2020-05-01 10:12:56.290  INFO 2756 --- [main] s.w.s.m.m.a.RequestMappingHandlerMapping : Mapped "{[/about],methods=[GET]}" onto public java.lang.String com.cycapservers.system.HomepageController.about_the_team()
2020-05-01 10:12:56.291  INFO 2756 --- [main] s.w.s.m.m.a.RequestMappingHandlerMapping : Mapped "{[/accounts/successfullogin],methods=[GET]}" onto public java.lang.String com.cycapservers.system.HomepageController.successfulLogin()
2020-05-01 10:12:56.291  INFO 2756 --- [main] s.w.s.m.m.a.RequestMappingHandlerMapping : Mapped "{[/accounts/login],methods=[POST]}" onto public java.lang.String com.cycapservers.system.HomepageController.login(org.springframework.ui.Model,com.cycapservers.account.Account)
2020-05-01 10:12:56.292  INFO 2756 --- [main] s.w.s.m.m.a.RequestMappingHandlerMapping : Mapped "{[/accounts/friendAdd],methods=[POST]}" onto public org.springframework.web.servlet.View com.cycapservers.system.HomepageController.friendAdd(javax.servlet.http.HttpServletRequest,com.cycapservers.account.Account,com.cycapservers.account.Friend)
2020-05-01 10:12:56.292  INFO 2756 --- [main] s.w.s.m.m.a.RequestMappingHandlerMapping : Mapped "{[/accounts/friendRemove],methods=[POST]}" onto public org.springframework.web.servlet.View com.cycapservers.system.HomepageController.friendRemove(javax.servlet.http.HttpServletRequest,com.cycapservers.account.Account,com.cycapservers.account.Friend)
2020-05-01 10:12:56.292  INFO 2756 --- [main] s.w.s.m.m.a.RequestMappingHandlerMapping : Mapped "{[/accounts/chat],methods=[GET]}" onto public java.lang.String com.cycapservers.system.HomepageController.friendChat2(javax.servlet.http.HttpServletRequest,com.cycapservers.account.Account)
2020-05-01 10:12:56.294  INFO 2756 --- [main] s.w.s.m.m.a.RequestMappingHandlerMapping : Mapped "{[/accounts/friends],methods=[GET]}" onto public java.lang.String com.cycapservers.system.HomepageController.friends(org.springframework.ui.Model,javax.servlet.http.HttpServletRequest,com.cycapservers.account.Account,com.cycapservers.account.Friends)
2020-05-01 10:12:56.297  INFO 2756 --- [main] s.w.s.m.m.a.RequestMappingHandlerMapping : Mapped "{[/play],methods=[GET]}" onto public java.lang.String com.cycapservers.system.HomepageController.playNow(org.springframework.ui.Model,com.cycapservers.account.Account)
2020-05-01 10:12:56.298  INFO 2756 --- [main] s.w.s.m.m.a.RequestMappingHandlerMapping : Mapped "{[/Lobby],methods=[GET]}" onto public java.lang.String com.cycapservers.system.HomepageController.Lobby(com.cycapservers.account.Account)
2020-05-01 10:12:56.299  INFO 2756 --- [main] s.w.s.m.m.a.RequestMappingHandlerMapping : Mapped "{[/LobbyScreen],methods=[GET]}" onto public java.lang.String com.cycapservers.system.HomepageController.LobbyScreen(com.cycapservers.account.Account)
2020-05-01 10:12:56.299  INFO 2756 --- [main] s.w.s.m.m.a.RequestMappingHandlerMapping : Mapped "{[/game_list],methods=[GET]}" onto public java.lang.String com.cycapservers.system.HomepageController.gameListPage(com.cycapservers.account.Account)
2020-05-01 10:12:56.300  INFO 2756 --- [main] s.w.s.m.m.a.RequestMappingHandlerMapping : Mapped "{[/],methods=[GET]}" onto public java.lang.String com.cycapservers.system.HomepageController.homepage()
2020-05-01 10:12:56.300  INFO 2756 --- [main] s.w.s.m.m.a.RequestMappingHandlerMapping : Mapped "{[/accounts/profileScout],methods=[GET]}" onto public java.lang.String com.cycapservers.system.HomepageController.profilePageScout(org.springframework.ui.Model,com.cycapservers.account.Account,com.cycapservers.account.Profiles,com.cycapservers.account.RoleLevels,com.cycapservers.account.CareerTotals)
2020-05-01 10:12:56.301  INFO 2756 --- [main] s.w.s.m.m.a.RequestMappingHandlerMapping : Mapped "{[/accounts/leaderboards],methods=[GET]}" onto public java.lang.String com.cycapservers.system.HomepageController.LeaderBoards(org.springframework.ui.Model,com.cycapservers.account.Account,com.cycapservers.account.PlayerLBDataList)
2020-05-01 10:12:56.301  INFO 2756 --- [main] s.w.s.m.m.a.RequestMappingHandlerMapping : Mapped "{[/accounts/AdminControls],methods=[GET]}" onto public java.lang.String com.cycapservers.system.HomepageController.LeaderBoards(org.springframework.ui.Model,com.cycapservers.account.Account,com.cycapservers.account.AccountsList)
2020-05-01 10:12:56.307  INFO 2756 --- [main] s.w.s.m.m.a.RequestMappingHandlerMapping : Mapped "{[/error]}" onto public org.springframework.http.ResponseEntity<java.util.Map<java.lang.String, java.lang.Object>> org.springframework.boot.autoconfigure.web.BasicErrorController.error(javax.servlet.http.HttpServletRequest)
2020-05-01 10:12:56.309  INFO 2756 --- [main] s.w.s.m.m.a.RequestMappingHandlerMapping : Mapped "{[/error],produces=[text/html]}" onto public org.springframework.web.servlet.ModelAndView org.springframework.boot.autoconfigure.web.BasicErrorController.errorHtml(javax.servlet.http.HttpServletRequest,javax.servlet.http.HttpServletResponse)
2020-05-01 10:12:56.334  INFO 2756 --- [main] o.s.w.s.handler.SimpleUrlHandlerMapping  : Mapped URL path [/webjars/**] onto handler of type [class org.springframework.web.servlet.resource.ResourceHttpRequestHandler]
2020-05-01 10:12:56.334  INFO 2756 --- [main] o.s.w.s.handler.SimpleUrlHandlerMapping  : Mapped URL path [/**] onto handler of type [class org.springframework.web.servlet.resource.ResourceHttpRequestHandler]
2020-05-01 10:12:56.371  INFO 2756 --- [main] o.s.w.s.handler.SimpleUrlHandlerMapping  : Mapped URL path [/**/favicon.ico] onto handler of type [class org.springframework.web.servlet.resource.ResourceHttpRequestHandler]
2020-05-01 10:12:56.919  INFO 2756 --- [main] o.s.b.a.e.mvc.EndpointHandlerMapping     : Mapped "{[/autoconfig || /autoconfig.json],methods=[GET],produces=[application/vnd.spring-boot.actuator.v1+json || application/json]}" onto public java.lang.Object org.springframework.boot.actuate.endpoint.mvc.EndpointMvcAdapter.invoke()
2020-05-01 10:12:56.920  INFO 2756 --- [main] o.s.b.a.e.mvc.EndpointHandlerMapping     : Mapped "{[/auditevents || /auditevents.json],methods=[GET],produces=[application/vnd.spring-boot.actuator.v1+json || application/json]}" onto public org.springframework.http.ResponseEntity<?> org.springframework.boot.actuate.endpoint.mvc.AuditEventsMvcEndpoint.findByPrincipalAndAfterAndType(java.lang.String,java.util.Date,java.lang.String)
2020-05-01 10:12:56.922  INFO 2756 --- [main] o.s.b.a.e.mvc.EndpointHandlerMapping     : Mapped "{[/beans || /beans.json],methods=[GET],produces=[application/vnd.spring-boot.actuator.v1+json || application/json]}" onto public java.lang.Object org.springframework.boot.actuate.endpoint.mvc.EndpointMvcAdapter.invoke()
2020-05-01 10:12:56.924  INFO 2756 --- [main] o.s.b.a.e.mvc.EndpointHandlerMapping     : Mapped "{[/health || /health.json],methods=[GET],produces=[application/vnd.spring-boot.actuator.v1+json || application/json]}" onto public java.lang.Object org.springframework.boot.actuate.endpoint.mvc.HealthMvcEndpoint.invoke(javax.servlet.http.HttpServletRequest,java.security.Principal)
2020-05-01 10:12:56.924  INFO 2756 --- [main] o.s.b.a.e.mvc.EndpointHandlerMapping     : Mapped "{[/mappings || /mappings.json],methods=[GET],produces=[application/vnd.spring-boot.actuator.v1+json || application/json]}" onto public java.lang.Object org.springframework.boot.actuate.endpoint.mvc.EndpointMvcAdapter.invoke()
2020-05-01 10:12:56.925  INFO 2756 --- [main] o.s.b.a.e.mvc.EndpointHandlerMapping     : Mapped "{[/dump || /dump.json],methods=[GET],produces=[application/vnd.spring-boot.actuator.v1+json || application/json]}" onto public java.lang.Object org.springframework.boot.actuate.endpoint.mvc.EndpointMvcAdapter.invoke()
2020-05-01 10:12:56.926  INFO 2756 --- [main] o.s.b.a.e.mvc.EndpointHandlerMapping     : Mapped "{[/metrics/{name:.*}],methods=[GET],produces=[application/vnd.spring-boot.actuator.v1+json || application/json]}" onto public java.lang.Object org.springframework.boot.actuate.endpoint.mvc.MetricsMvcEndpoint.value(java.lang.String)
2020-05-01 10:12:56.926  INFO 2756 --- [main] o.s.b.a.e.mvc.EndpointHandlerMapping     : Mapped "{[/metrics || /metrics.json],methods=[GET],produces=[application/vnd.spring-boot.actuator.v1+json || application/json]}" onto public java.lang.Object org.springframework.boot.actuate.endpoint.mvc.EndpointMvcAdapter.invoke()
2020-05-01 10:12:56.927  INFO 2756 --- [main] o.s.b.a.e.mvc.EndpointHandlerMapping     : Mapped "{[/configprops || /configprops.json],methods=[GET],produces=[application/vnd.spring-boot.actuator.v1+json || application/json]}" onto public java.lang.Object org.springframework.boot.actuate.endpoint.mvc.EndpointMvcAdapter.invoke()
2020-05-01 10:12:56.927  INFO 2756 --- [main] o.s.b.a.e.mvc.EndpointHandlerMapping     : Mapped "{[/heapdump || /heapdump.json],methods=[GET],produces=[application/octet-stream]}" onto public void org.springframework.boot.actuate.endpoint.mvc.HeapdumpMvcEndpoint.invoke(boolean,javax.servlet.http.HttpServletRequest,javax.servlet.http.HttpServletResponse) throws java.io.IOException,javax.servlet.ServletException
2020-05-01 10:12:56.929  INFO 2756 --- [main] o.s.b.a.e.mvc.EndpointHandlerMapping     : Mapped "{[/loggers/{name:.*}],methods=[GET],produces=[application/vnd.spring-boot.actuator.v1+json || application/json]}" onto public java.lang.Object org.springframework.boot.actuate.endpoint.mvc.LoggersMvcEndpoint.get(java.lang.String)
2020-05-01 10:12:56.929  INFO 2756 --- [main] o.s.b.a.e.mvc.EndpointHandlerMapping     : Mapped "{[/loggers/{name:.*}],methods=[POST],consumes=[application/vnd.spring-boot.actuator.v1+json || application/json],produces=[application/vnd.spring-boot.actuator.v1+json || application/json]}" onto public java.lang.Object org.springframework.boot.actuate.endpoint.mvc.LoggersMvcEndpoint.set(java.lang.String,java.util.Map<java.lang.String, java.lang.String>)
2020-05-01 10:12:56.930  INFO 2756 --- [main] o.s.b.a.e.mvc.EndpointHandlerMapping     : Mapped "{[/loggers || /loggers.json],methods=[GET],produces=[application/vnd.spring-boot.actuator.v1+json || application/json]}" onto public java.lang.Object org.springframework.boot.actuate.endpoint.mvc.EndpointMvcAdapter.invoke()
2020-05-01 10:12:56.934  INFO 2756 --- [main] o.s.b.a.e.mvc.EndpointHandlerMapping     : Mapped "{[/info || /info.json],methods=[GET],produces=[application/vnd.spring-boot.actuator.v1+json || application/json]}" onto public java.lang.Object org.springframework.boot.actuate.endpoint.mvc.EndpointMvcAdapter.invoke()
2020-05-01 10:12:56.938  INFO 2756 --- [main] o.s.b.a.e.mvc.EndpointHandlerMapping     : Mapped "{[/trace || /trace.json],methods=[GET],produces=[application/vnd.spring-boot.actuator.v1+json || application/json]}" onto public java.lang.Object org.springframework.boot.actuate.endpoint.mvc.EndpointMvcAdapter.invoke()
2020-05-01 10:12:56.939  INFO 2756 --- [main] o.s.b.a.e.mvc.EndpointHandlerMapping     : Mapped "{[/env/{name:.*}],methods=[GET],produces=[application/vnd.spring-boot.actuator.v1+json || application/json]}" onto public java.lang.Object org.springframework.boot.actuate.endpoint.mvc.EnvironmentMvcEndpoint.value(java.lang.String)
2020-05-01 10:12:56.940  INFO 2756 --- [main] o.s.b.a.e.mvc.EndpointHandlerMapping     : Mapped "{[/env || /env.json],methods=[GET],produces=[application/vnd.spring-boot.actuator.v1+json || application/json]}" onto public java.lang.Object org.springframework.boot.actuate.endpoint.mvc.EndpointMvcAdapter.invoke()
2020-05-01 10:12:56.941  INFO 2756 --- [main] o.s.b.a.e.mvc.EndpointHandlerMapping     : Mapped "{[/logfile || /logfile.json],methods=[GET || HEAD]}" onto public void org.springframework.boot.actuate.endpoint.mvc.LogFileMvcEndpoint.invoke(javax.servlet.http.HttpServletRequest,javax.servlet.http.HttpServletResponse) throws javax.servlet.ServletException,java.io.IOException
2020-05-01 10:12:57.072  INFO 2756 --- [main] o.s.j.e.a.AnnotationMBeanExporter        : Registering beans for JMX exposure on startup
2020-05-01 10:12:57.083  INFO 2756 --- [main] o.s.c.support.DefaultLifecycleProcessor  : Starting beans in phase 0
2020-05-01 10:12:57.124  INFO 2756 --- [main] o.s.c.support.DefaultLifecycleProcessor  : Starting beans in phase 2147483647
2020-05-01 10:12:57.125  INFO 2756 --- [main] o.s.m.s.b.SimpleBrokerMessageHandler     : Starting...
2020-05-01 10:12:57.126  INFO 2756 --- [main] o.s.m.s.b.SimpleBrokerMessageHandler     : BrokerAvailabilityEvent[available=true, SimpleBrokerMessageHandler [DefaultSubscriptionRegistry[cache[0 destination(s)], registry[0 sessions]]]]
2020-05-01 10:12:57.129  INFO 2756 --- [main] o.s.m.s.b.SimpleBrokerMessageHandler     : Started.
2020-05-01 10:12:57.160 ERROR 2756 --- [main] o.apache.catalina.core.StandardService   : Failed to start connector [Connector[HTTP/1.1-8080]]

org.apache.catalina.LifecycleException: Failed to start component [Connector[HTTP/1.1-8080]]
	at org.apache.catalina.util.LifecycleBase.start(LifecycleBase.java:167) ~[tomcat-embed-core-8.5.27.jar!/:8.5.27]
	at org.apache.catalina.core.StandardService.addConnector(StandardService.java:225) ~[tomcat-embed-core-8.5.27.jar!/:8.5.27]
	at org.springframework.boot.context.embedded.tomcat.TomcatEmbeddedServletContainer.addPreviouslyRemovedConnectors(TomcatEmbeddedServletContainer.java:250) [spring-boot-1.5.10.RELEASE.jar!/:1.5.10.RELEASE]
	at org.springframework.boot.context.embedded.tomcat.TomcatEmbeddedServletContainer.start(TomcatEmbeddedServletContainer.java:193) [spring-boot-1.5.10.RELEASE.jar!/:1.5.10.RELEASE]
	at org.springframework.boot.context.embedded.EmbeddedWebApplicationContext.startEmbeddedServletContainer(EmbeddedWebApplicationContext.java:297) [spring-boot-1.5.10.RELEASE.jar!/:1.5.10.RELEASE]
	at org.springframework.boot.context.embedded.EmbeddedWebApplicationContext.finishRefresh(EmbeddedWebApplicationContext.java:145) [spring-boot-1.5.10.RELEASE.jar!/:1.5.10.RELEASE]
	at org.springframework.context.support.AbstractApplicationContext.refresh(AbstractApplicationContext.java:546) [spring-context-4.3.14.RELEASE.jar!/:4.3.14.RELEASE]
	at org.springframework.boot.context.embedded.EmbeddedWebApplicationContext.refresh(EmbeddedWebApplicationContext.java:122) [spring-boot-1.5.10.RELEASE.jar!/:1.5.10.RELEASE]
	at org.springframework.boot.SpringApplication.refresh(SpringApplication.java:693) [spring-boot-1.5.10.RELEASE.jar!/:1.5.10.RELEASE]
	at org.springframework.boot.SpringApplication.refreshContext(SpringApplication.java:360) [spring-boot-1.5.10.RELEASE.jar!/:1.5.10.RELEASE]
	at org.springframework.boot.SpringApplication.run(SpringApplication.java:303) [spring-boot-1.5.10.RELEASE.jar!/:1.5.10.RELEASE]
	at org.springframework.boot.SpringApplication.run(SpringApplication.java:1118) [spring-boot-1.5.10.RELEASE.jar!/:1.5.10.RELEASE]
	at org.springframework.boot.SpringApplication.run(SpringApplication.java:1107) [spring-boot-1.5.10.RELEASE.jar!/:1.5.10.RELEASE]
	at com.cycapservers.CyCapApplication.main(CyCapApplication.java:12) [classes!/:2.0.1]
	at sun.reflect.NativeMethodAccessorImpl.invoke0(Native Method) ~[na:1.8.0_181]
	at sun.reflect.NativeMethodAccessorImpl.invoke(Unknown Source) ~[na:1.8.0_181]
	at sun.reflect.DelegatingMethodAccessorImpl.invoke(Unknown Source) ~[na:1.8.0_181]
	at java.lang.reflect.Method.invoke(Unknown Source) ~[na:1.8.0_181]
	at org.springframework.boot.loader.MainMethodRunner.run(MainMethodRunner.java:48) [CyCap-2.0.1.jar:2.0.1]
	at org.springframework.boot.loader.Launcher.launch(Launcher.java:87) [CyCap-2.0.1.jar:2.0.1]
	at org.springframework.boot.loader.Launcher.launch(Launcher.java:50) [CyCap-2.0.1.jar:2.0.1]
	at org.springframework.boot.loader.JarLauncher.main(JarLauncher.java:51) [CyCap-2.0.1.jar:2.0.1]
Caused by: org.apache.catalina.LifecycleException: Protocol handler start failed
	at org.apache.catalina.connector.Connector.startInternal(Connector.java:1021) ~[tomcat-embed-core-8.5.27.jar!/:8.5.27]
	at org.apache.catalina.util.LifecycleBase.start(LifecycleBase.java:150) ~[tomcat-embed-core-8.5.27.jar!/:8.5.27]
	... 21 common frames omitted
Caused by: java.net.BindException: Address already in use: bind
	at sun.nio.ch.Net.bind0(Native Method) ~[na:1.8.0_181]
	at sun.nio.ch.Net.bind(Unknown Source) ~[na:1.8.0_181]
	at sun.nio.ch.Net.bind(Unknown Source) ~[na:1.8.0_181]
	at sun.nio.ch.ServerSocketChannelImpl.bind(Unknown Source) ~[na:1.8.0_181]
	at sun.nio.ch.ServerSocketAdaptor.bind(Unknown Source) ~[na:1.8.0_181]
	at org.apache.tomcat.util.net.NioEndpoint.bind(NioEndpoint.java:210) ~[tomcat-embed-core-8.5.27.jar!/:8.5.27]
	at org.apache.tomcat.util.net.AbstractEndpoint.start(AbstractEndpoint.java:1150) ~[tomcat-embed-core-8.5.27.jar!/:8.5.27]
	at org.apache.coyote.AbstractProtocol.start(AbstractProtocol.java:591) ~[tomcat-embed-core-8.5.27.jar!/:8.5.27]
	at org.apache.catalina.connector.Connector.startInternal(Connector.java:1018) ~[tomcat-embed-core-8.5.27.jar!/:8.5.27]
	... 22 common frames omitted

2020-05-01 10:12:57.171  INFO 2756 --- [main] o.apache.catalina.core.StandardService   : Stopping service [Tomcat]
2020-05-01 10:12:57.180  INFO 2756 --- [main] utoConfigurationReportLoggingInitializer : 

Error starting ApplicationContext. To display the auto-configuration report re-run your application with 'debug' enabled.
2020-05-01 10:12:57.185 ERROR 2756 --- [main] o.s.b.d.LoggingFailureAnalysisReporter   : 

***************************
APPLICATION FAILED TO START
***************************

Description:

The Tomcat connector configured to listen on port 8080 failed to start. The port may already be in use or the connector may be misconfigured.

Action:

Verify the connector's configuration, identify and stop any process that's listening on port 8080, or configure this application to listen on another port.

2020-05-01 10:12:57.187  INFO 2756 --- [main] ationConfigEmbeddedWebApplicationContext : Closing org.springframework.boot.context.embedded.AnnotationConfigEmbeddedWebApplicationContext@5cb0d902: startup date [Fri May 01 10:12:50 CDT 2020]; root of context hierarchy
2020-05-01 10:12:57.188  INFO 2756 --- [main] o.s.c.support.DefaultLifecycleProcessor  : Stopping beans in phase 2147483647
2020-05-01 10:12:57.191  INFO 2756 --- [main] o.s.m.s.b.SimpleBrokerMessageHandler     : Stopping...
2020-05-01 10:12:57.191  INFO 2756 --- [main] o.s.m.s.b.SimpleBrokerMessageHandler     : BrokerAvailabilityEvent[available=false, SimpleBrokerMessageHandler [DefaultSubscriptionRegistry[cache[0 destination(s)], registry[0 sessions]]]]
2020-05-01 10:12:57.192  INFO 2756 --- [main] o.s.m.s.b.SimpleBrokerMessageHandler     : Stopped.
2020-05-01 10:12:57.192  INFO 2756 --- [main] o.s.c.support.DefaultLifecycleProcessor  : Stopping beans in phase 0
2020-05-01 10:12:57.193  INFO 2756 --- [main] o.s.j.e.a.AnnotationMBeanExporter        : Unregistering JMX-exposed beans on shutdown
2020-05-01 10:12:57.193  INFO 2756 --- [main] o.s.s.c.ThreadPoolTaskScheduler          : Shutting down ExecutorService 'defaultSockJsTaskScheduler'
2020-05-01 10:12:57.194  INFO 2756 --- [main] o.s.s.concurrent.ThreadPoolTaskExecutor  : Shutting down ExecutorService 'brokerChannelExecutor'
2020-05-01 10:12:57.196  INFO 2756 --- [main] o.s.s.c.ThreadPoolTaskScheduler          : Shutting down ExecutorService 'messageBrokerTaskScheduler'
2020-05-01 10:12:57.197  INFO 2756 --- [main] o.s.s.concurrent.ThreadPoolTaskExecutor  : Shutting down ExecutorService 'clientOutboundChannelExecutor'
2020-05-01 10:12:57.199  INFO 2756 --- [main] o.s.s.concurrent.ThreadPoolTaskExecutor  : Shutting down ExecutorService 'clientInboundChannelExecutor'
2020-05-01 10:12:57.200  INFO 2756 --- [main] j.LocalContainerEntityManagerFactoryBean : Closing JPA EntityManagerFactory for persistence unit 'default'
